<?xml version="1.0" encoding="UTF-8"?>
<coverage generated="1521491941474" clover="3.2.0">
  <project timestamp="1521491941474" name="All files">
    <metrics statements="43" coveredstatements="43" conditionals="32" coveredconditionals="30" methods="16" coveredmethods="16" elements="91" coveredelements="89" complexity="0" loc="43" ncloc="43" packages="5" files="7" classes="7">
      <package name="actions">
        <metrics statements="9" coveredstatements="9" conditionals="7" coveredconditionals="6" methods="8" coveredmethods="8"/>
        <file name="expenses.js" path="/home/neevor/Storage/code/react/the-complete-react-web-developer-course/react-expensify/src/actions/expenses.js">
          <metrics statements="4" coveredstatements="4" conditionals="6" coveredconditionals="5" methods="3" coveredmethods="3"/>
          <line num="4" count="1" type="stmt"/>
          <line num="11" count="2" type="stmt"/>
          <line num="22" count="1" type="cond" truecount="0" falsecount="1"/>
          <line num="27" count="1" type="stmt"/>
        </file>
        <file name="filters.js" path="/home/neevor/Storage/code/react/the-complete-react-web-developer-course/react-expensify/src/actions/filters.js">
          <metrics statements="5" coveredstatements="5" conditionals="1" coveredconditionals="1" methods="5" coveredmethods="5"/>
          <line num="2" count="2" type="cond" truecount="1" falsecount="0"/>
          <line num="7" count="1" type="stmt"/>
          <line num="11" count="1" type="stmt"/>
          <line num="15" count="2" type="stmt"/>
          <line num="20" count="1" type="stmt"/>
        </file>
      </package>
      <package name="components">
        <metrics statements="2" coveredstatements="2" conditionals="0" coveredconditionals="0" methods="1" coveredmethods="1"/>
        <file name="Header.js" path="/home/neevor/Storage/code/react/the-complete-react-web-developer-course/react-expensify/src/components/Header.js">
          <metrics statements="2" coveredstatements="2" conditionals="0" coveredconditionals="0" methods="1" coveredmethods="1"/>
          <line num="4" count="1" type="stmt"/>
          <line num="5" count="1" type="stmt"/>
        </file>
      </package>
      <package name="reducers">
        <metrics statements="19" coveredstatements="19" conditionals="14" coveredconditionals="14" methods="4" coveredmethods="4"/>
        <file name="expenses.js" path="/home/neevor/Storage/code/react/the-complete-react-web-developer-course/react-expensify/src/reducers/expenses.js">
          <metrics statements="10" coveredstatements="10" conditionals="7" coveredconditionals="7" methods="3" coveredmethods="3"/>
          <line num="2" count="1" type="stmt"/>
          <line num="3" count="1" type="cond" truecount="1" falsecount="0"/>
          <line num="4" count="6" type="cond" truecount="4" falsecount="0"/>
          <line num="6" count="1" type="stmt"/>
          <line num="11" count="2" type="stmt"/>
          <line num="12" count="10" type="cond" truecount="2" falsecount="0"/>
          <line num="13" count="1" type="stmt"/>
          <line num="18" count="9" type="stmt"/>
          <line num="21" count="10" type="stmt"/>
          <line num="23" count="1" type="stmt"/>
        </file>
        <file name="filters.js" path="/home/neevor/Storage/code/react/the-complete-react-web-developer-course/react-expensify/src/reducers/filters.js">
          <metrics statements="9" coveredstatements="9" conditionals="7" coveredconditionals="7" methods="1" coveredmethods="1"/>
          <line num="4" count="1" type="stmt"/>
          <line num="11" count="1" type="cond" truecount="1" falsecount="0"/>
          <line num="12" count="6" type="cond" truecount="6" falsecount="0"/>
          <line num="14" count="1" type="stmt"/>
          <line num="19" count="1" type="stmt"/>
          <line num="24" count="1" type="stmt"/>
          <line num="29" count="1" type="stmt"/>
          <line num="34" count="1" type="stmt"/>
          <line num="39" count="1" type="stmt"/>
        </file>
      </package>
      <package name="selectors">
        <metrics statements="12" coveredstatements="12" conditionals="11" coveredconditionals="10" methods="3" coveredmethods="3"/>
        <file name="expenses.js" path="/home/neevor/Storage/code/react/the-complete-react-web-developer-course/react-expensify/src/selectors/expenses.js">
          <metrics statements="12" coveredstatements="12" conditionals="11" coveredconditionals="10" methods="3" coveredmethods="3"/>
          <line num="3" count="1" type="stmt"/>
          <line num="7" count="5" type="stmt"/>
          <line num="8" count="25" type="stmt"/>
          <line num="9" count="25" type="cond" truecount="2" falsecount="0"/>
          <line num="10" count="25" type="cond" truecount="2" falsecount="0"/>
          <line num="12" count="25" type="stmt"/>
          <line num="13" count="25" type="stmt"/>
          <line num="15" count="25" type="cond" truecount="3" falsecount="0"/>
          <line num="17" count="27" type="cond" truecount="2" falsecount="0"/>
          <line num="18" count="17" type="stmt"/>
          <line num="19" count="10" type="cond" truecount="1" falsecount="1"/>
          <line num="20" count="10" type="stmt"/>
        </file>
      </package>
      <package name="tests.fixtures">
        <metrics statements="1" coveredstatements="1" conditionals="0" coveredconditionals="0" methods="0" coveredmethods="0"/>
        <file name="expenses.js" path="/home/neevor/Storage/code/react/the-complete-react-web-developer-course/react-expensify/src/tests/fixtures/expenses.js">
          <metrics statements="1" coveredstatements="1" conditionals="0" coveredconditionals="0" methods="0" coveredmethods="0"/>
          <line num="3" count="2" type="stmt"/>
        </file>
      </package>
    </metrics>
  </project>
</coverage>
