{"/home/neevor/Storage/code/react/the-complete-react-web-developer-course/react-expensify/src/actions/expenses.js": {"path":"/home/neevor/Storage/code/react/the-complete-react-web-developer-course/react-expensify/src/actions/expenses.js","statementMap":{"0":{"start":{"line":4,"column":19},"end":{"line":20,"column":2}},"1":{"start":{"line":11,"column":6},"end":{"line":20,"column":1}},"2":{"start":{"line":22,"column":22},"end":{"line":25,"column":2}},"3":{"start":{"line":22,"column":40},"end":{"line":25,"column":1}},"4":{"start":{"line":27,"column":20},"end":{"line":31,"column":2}},"5":{"start":{"line":27,"column":38},"end":{"line":31,"column":1}}},"fnMap":{"0":{"name":"(anonymous_0)","decl":{"start":{"line":4,"column":19},"end":{"line":4,"column":20}},"loc":{"start":{"line":11,"column":6},"end":{"line":20,"column":1}},"line":11},"1":{"name":"(anonymous_1)","decl":{"start":{"line":22,"column":22},"end":{"line":22,"column":23}},"loc":{"start":{"line":22,"column":40},"end":{"line":25,"column":1}},"line":22},"2":{"name":"(anonymous_2)","decl":{"start":{"line":27,"column":20},"end":{"line":27,"column":21}},"loc":{"start":{"line":27,"column":38},"end":{"line":31,"column":1}},"line":27}},"branchMap":{"0":{"loc":{"start":{"line":5,"column":2},"end":{"line":10,"column":8}},"type":"default-arg","locations":[{"start":{"line":10,"column":6},"end":{"line":10,"column":8}}],"line":5},"1":{"loc":{"start":{"line":6,"column":4},"end":{"line":6,"column":20}},"type":"default-arg","locations":[{"start":{"line":6,"column":18},"end":{"line":6,"column":20}}],"line":6},"2":{"loc":{"start":{"line":7,"column":4},"end":{"line":7,"column":13}},"type":"default-arg","locations":[{"start":{"line":7,"column":11},"end":{"line":7,"column":13}}],"line":7},"3":{"loc":{"start":{"line":8,"column":4},"end":{"line":8,"column":14}},"type":"default-arg","locations":[{"start":{"line":8,"column":13},"end":{"line":8,"column":14}}],"line":8},"4":{"loc":{"start":{"line":9,"column":4},"end":{"line":9,"column":17}},"type":"default-arg","locations":[{"start":{"line":9,"column":16},"end":{"line":9,"column":17}}],"line":9},"5":{"loc":{"start":{"line":22,"column":23},"end":{"line":22,"column":34}},"type":"default-arg","locations":[{"start":{"line":22,"column":32},"end":{"line":22,"column":34}}],"line":22}},"s":{"0":1,"1":2,"2":1,"3":1,"4":1,"5":1},"f":{"0":2,"1":1,"2":1},"b":{"0":[1],"1":[1],"2":[1],"3":[1],"4":[1],"5":[0]},"_coverageSchema":"332fd63041d2c1bcb487cc26dd0d5f7d97098a6c","hash":"7bea80f154dcc4fd665169490b4b3f3471800880"}
,"/home/neevor/Storage/code/react/the-complete-react-web-developer-course/react-expensify/src/actions/filters.js": {"path":"/home/neevor/Storage/code/react/the-complete-react-web-developer-course/react-expensify/src/actions/filters.js","statementMap":{"0":{"start":{"line":2,"column":22},"end":{"line":5,"column":2}},"1":{"start":{"line":2,"column":38},"end":{"line":5,"column":1}},"2":{"start":{"line":7,"column":28},"end":{"line":9,"column":2}},"3":{"start":{"line":7,"column":35},"end":{"line":9,"column":1}},"4":{"start":{"line":11,"column":30},"end":{"line":13,"column":2}},"5":{"start":{"line":11,"column":37},"end":{"line":13,"column":1}},"6":{"start":{"line":15,"column":27},"end":{"line":18,"column":2}},"7":{"start":{"line":15,"column":43},"end":{"line":18,"column":1}},"8":{"start":{"line":20,"column":25},"end":{"line":23,"column":2}},"9":{"start":{"line":20,"column":39},"end":{"line":23,"column":1}}},"fnMap":{"0":{"name":"(anonymous_0)","decl":{"start":{"line":2,"column":22},"end":{"line":2,"column":23}},"loc":{"start":{"line":2,"column":38},"end":{"line":5,"column":1}},"line":2},"1":{"name":"(anonymous_1)","decl":{"start":{"line":7,"column":28},"end":{"line":7,"column":29}},"loc":{"start":{"line":7,"column":35},"end":{"line":9,"column":1}},"line":7},"2":{"name":"(anonymous_2)","decl":{"start":{"line":11,"column":30},"end":{"line":11,"column":31}},"loc":{"start":{"line":11,"column":37},"end":{"line":13,"column":1}},"line":11},"3":{"name":"(anonymous_3)","decl":{"start":{"line":15,"column":27},"end":{"line":15,"column":28}},"loc":{"start":{"line":15,"column":43},"end":{"line":18,"column":1}},"line":15},"4":{"name":"(anonymous_4)","decl":{"start":{"line":20,"column":25},"end":{"line":20,"column":26}},"loc":{"start":{"line":20,"column":39},"end":{"line":23,"column":1}},"line":20}},"branchMap":{"0":{"loc":{"start":{"line":2,"column":23},"end":{"line":2,"column":32}},"type":"default-arg","locations":[{"start":{"line":2,"column":30},"end":{"line":2,"column":32}}],"line":2}},"s":{"0":1,"1":2,"2":1,"3":1,"4":1,"5":1,"6":1,"7":2,"8":1,"9":1},"f":{"0":2,"1":1,"2":1,"3":2,"4":1},"b":{"0":[1]},"_coverageSchema":"332fd63041d2c1bcb487cc26dd0d5f7d97098a6c","hash":"9ef4ccaa0efc36aee944bb7481a0531351200cc2"}
,"/home/neevor/Storage/code/react/the-complete-react-web-developer-course/react-expensify/src/components/Header.js": {"path":"/home/neevor/Storage/code/react/the-complete-react-web-developer-course/react-expensify/src/components/Header.js","statementMap":{"0":{"start":{"line":4,"column":15},"end":{"line":11,"column":1}},"1":{"start":{"line":5,"column":2},"end":{"line":10,"column":8}}},"fnMap":{"0":{"name":"(anonymous_0)","decl":{"start":{"line":4,"column":15},"end":{"line":4,"column":16}},"loc":{"start":{"line":5,"column":2},"end":{"line":10,"column":8}},"line":5}},"branchMap":{},"s":{"0":1,"1":1},"f":{"0":1},"b":{},"_coverageSchema":"332fd63041d2c1bcb487cc26dd0d5f7d97098a6c","hash":"7e32ac8169f64adc4fd541027246632c2e3e2a5e"}
,"/home/neevor/Storage/code/react/the-complete-react-web-developer-course/react-expensify/src/reducers/expenses.js": {"path":"/home/neevor/Storage/code/react/the-complete-react-web-developer-course/react-expensify/src/reducers/expenses.js","statementMap":{"0":{"start":{"line":2,"column":36},"end":{"line":2,"column":38}},"1":{"start":{"line":3,"column":24},"end":{"line":25,"column":1}},"2":{"start":{"line":4,"column":2},"end":{"line":24,"column":3}},"3":{"start":{"line":6,"column":6},"end":{"line":9,"column":8}},"4":{"start":{"line":11,"column":6},"end":{"line":19,"column":11}},"5":{"start":{"line":12,"column":10},"end":{"line":17,"column":11}},"6":{"start":{"line":13,"column":12},"end":{"line":16,"column":14}},"7":{"start":{"line":18,"column":10},"end":{"line":18,"column":25}},"8":{"start":{"line":21,"column":6},"end":{"line":21,"column":56}},"9":{"start":{"line":21,"column":38},"end":{"line":21,"column":54}},"10":{"start":{"line":23,"column":6},"end":{"line":23,"column":19}}},"fnMap":{"0":{"name":"(anonymous_0)","decl":{"start":{"line":3,"column":24},"end":{"line":3,"column":25}},"loc":{"start":{"line":3,"column":73},"end":{"line":25,"column":1}},"line":3},"1":{"name":"(anonymous_1)","decl":{"start":{"line":11,"column":23},"end":{"line":11,"column":24}},"loc":{"start":{"line":11,"column":36},"end":{"line":19,"column":9}},"line":11},"2":{"name":"(anonymous_2)","decl":{"start":{"line":21,"column":26},"end":{"line":21,"column":27}},"loc":{"start":{"line":21,"column":38},"end":{"line":21,"column":54}},"line":21}},"branchMap":{"0":{"loc":{"start":{"line":3,"column":25},"end":{"line":3,"column":60}},"type":"default-arg","locations":[{"start":{"line":3,"column":33},"end":{"line":3,"column":60}}],"line":3},"1":{"loc":{"start":{"line":4,"column":2},"end":{"line":24,"column":3}},"type":"switch","locations":[{"start":{"line":5,"column":4},"end":{"line":9,"column":8}},{"start":{"line":10,"column":4},"end":{"line":19,"column":11}},{"start":{"line":20,"column":4},"end":{"line":21,"column":56}},{"start":{"line":22,"column":4},"end":{"line":23,"column":19}}],"line":4},"2":{"loc":{"start":{"line":12,"column":10},"end":{"line":17,"column":11}},"type":"if","locations":[{"start":{"line":12,"column":10},"end":{"line":17,"column":11}},{"start":{"line":12,"column":10},"end":{"line":17,"column":11}}],"line":12}},"s":{"0":1,"1":1,"2":6,"3":1,"4":2,"5":10,"6":1,"7":9,"8":2,"9":10,"10":1},"f":{"0":6,"1":10,"2":10},"b":{"0":[1],"1":[1,2,2,1],"2":[1,9]},"_coverageSchema":"332fd63041d2c1bcb487cc26dd0d5f7d97098a6c","hash":"2f33cde4277e045c05557c636eed7750464e6b7f"}
,"/home/neevor/Storage/code/react/the-complete-react-web-developer-course/react-expensify/src/reducers/filters.js": {"path":"/home/neevor/Storage/code/react/the-complete-react-web-developer-course/react-expensify/src/reducers/filters.js","statementMap":{"0":{"start":{"line":4,"column":35},"end":{"line":9,"column":1}},"1":{"start":{"line":11,"column":23},"end":{"line":41,"column":1}},"2":{"start":{"line":12,"column":2},"end":{"line":40,"column":3}},"3":{"start":{"line":14,"column":6},"end":{"line":17,"column":8}},"4":{"start":{"line":19,"column":6},"end":{"line":22,"column":8}},"5":{"start":{"line":24,"column":6},"end":{"line":27,"column":8}},"6":{"start":{"line":29,"column":6},"end":{"line":32,"column":7}},"7":{"start":{"line":34,"column":6},"end":{"line":37,"column":8}},"8":{"start":{"line":39,"column":6},"end":{"line":39,"column":19}}},"fnMap":{"0":{"name":"(anonymous_0)","decl":{"start":{"line":11,"column":23},"end":{"line":11,"column":24}},"loc":{"start":{"line":11,"column":71},"end":{"line":41,"column":1}},"line":11}},"branchMap":{"0":{"loc":{"start":{"line":11,"column":24},"end":{"line":11,"column":58}},"type":"default-arg","locations":[{"start":{"line":11,"column":32},"end":{"line":11,"column":58}}],"line":11},"1":{"loc":{"start":{"line":12,"column":2},"end":{"line":40,"column":3}},"type":"switch","locations":[{"start":{"line":13,"column":4},"end":{"line":17,"column":8}},{"start":{"line":18,"column":4},"end":{"line":22,"column":8}},{"start":{"line":23,"column":4},"end":{"line":27,"column":8}},{"start":{"line":28,"column":4},"end":{"line":32,"column":7}},{"start":{"line":33,"column":4},"end":{"line":37,"column":8}},{"start":{"line":38,"column":4},"end":{"line":39,"column":19}}],"line":12}},"s":{"0":1,"1":1,"2":6,"3":1,"4":1,"5":1,"6":1,"7":1,"8":1},"f":{"0":6},"b":{"0":[5],"1":[1,1,1,1,1,1]},"_coverageSchema":"332fd63041d2c1bcb487cc26dd0d5f7d97098a6c","hash":"ec3ac915b1359201b5e619efe248ba2723d39554"}
,"/home/neevor/Storage/code/react/the-complete-react-web-developer-course/react-expensify/src/selectors/expenses.js": {"path":"/home/neevor/Storage/code/react/the-complete-react-web-developer-course/react-expensify/src/selectors/expenses.js","statementMap":{"0":{"start":{"line":3,"column":27},"end":{"line":23,"column":1}},"1":{"start":{"line":7,"column":2},"end":{"line":22,"column":5}},"2":{"start":{"line":8,"column":28},"end":{"line":8,"column":53}},"3":{"start":{"line":9,"column":27},"end":{"line":9,"column":94}},"4":{"start":{"line":10,"column":25},"end":{"line":10,"column":87}},"5":{"start":{"line":12,"column":31},"end":{"line":12,"column":64}},"6":{"start":{"line":13,"column":25},"end":{"line":13,"column":72}},"7":{"start":{"line":15,"column":4},"end":{"line":15,"column":58}},"8":{"start":{"line":17,"column":4},"end":{"line":21,"column":5}},"9":{"start":{"line":18,"column":6},"end":{"line":18,"column":39}},"10":{"start":{"line":19,"column":11},"end":{"line":21,"column":5}},"11":{"start":{"line":20,"column":6},"end":{"line":20,"column":33}}},"fnMap":{"0":{"name":"(anonymous_0)","decl":{"start":{"line":3,"column":27},"end":{"line":3,"column":28}},"loc":{"start":{"line":6,"column":5},"end":{"line":23,"column":1}},"line":6},"1":{"name":"(anonymous_1)","decl":{"start":{"line":7,"column":25},"end":{"line":7,"column":26}},"loc":{"start":{"line":7,"column":36},"end":{"line":16,"column":3}},"line":7},"2":{"name":"(anonymous_2)","decl":{"start":{"line":16,"column":10},"end":{"line":16,"column":11}},"loc":{"start":{"line":16,"column":20},"end":{"line":22,"column":3}},"line":16}},"branchMap":{"0":{"loc":{"start":{"line":9,"column":27},"end":{"line":9,"column":94}},"type":"cond-expr","locations":[{"start":{"line":9,"column":39},"end":{"line":9,"column":87}},{"start":{"line":9,"column":90},"end":{"line":9,"column":94}}],"line":9},"1":{"loc":{"start":{"line":10,"column":25},"end":{"line":10,"column":87}},"type":"cond-expr","locations":[{"start":{"line":10,"column":35},"end":{"line":10,"column":80}},{"start":{"line":10,"column":83},"end":{"line":10,"column":87}}],"line":10},"2":{"loc":{"start":{"line":15,"column":11},"end":{"line":15,"column":57}},"type":"binary-expr","locations":[{"start":{"line":15,"column":11},"end":{"line":15,"column":25}},{"start":{"line":15,"column":29},"end":{"line":15,"column":41}},{"start":{"line":15,"column":45},"end":{"line":15,"column":57}}],"line":15},"3":{"loc":{"start":{"line":17,"column":4},"end":{"line":21,"column":5}},"type":"if","locations":[{"start":{"line":17,"column":4},"end":{"line":21,"column":5}},{"start":{"line":17,"column":4},"end":{"line":21,"column":5}}],"line":17},"4":{"loc":{"start":{"line":19,"column":11},"end":{"line":21,"column":5}},"type":"if","locations":[{"start":{"line":19,"column":11},"end":{"line":21,"column":5}},{"start":{"line":19,"column":11},"end":{"line":21,"column":5}}],"line":19}},"s":{"0":1,"1":5,"2":25,"3":25,"4":25,"5":25,"6":25,"7":25,"8":27,"9":17,"10":10,"11":10},"f":{"0":5,"1":25,"2":27},"b":{"0":[5,20],"1":[5,20],"2":[25,23,21],"3":[17,10],"4":[10,0]},"_coverageSchema":"332fd63041d2c1bcb487cc26dd0d5f7d97098a6c","hash":"698bb16be6e1084e4c3ba958649570049dea3179"}
,"/home/neevor/Storage/code/react/the-complete-react-web-developer-course/react-expensify/src/tests/fixtures/expenses.js": {"path":"/home/neevor/Storage/code/react/the-complete-react-web-developer-course/react-expensify/src/tests/fixtures/expenses.js","statementMap":{"0":{"start":{"line":3,"column":17},"end":{"line":39,"column":1}}},"fnMap":{},"branchMap":{},"s":{"0":2},"f":{},"b":{},"_coverageSchema":"332fd63041d2c1bcb487cc26dd0d5f7d97098a6c","hash":"53ab03d8de1efd06acfbc78fe3722ba8bbfaed03"}
}
