TN:
SF:/home/neevor/Storage/code/react/the-complete-react-web-developer-course/react-expensify/src/actions/expenses.js
FN:4,(anonymous_0)
FN:22,(anonymous_1)
FN:27,(anonymous_2)
FNF:3
FNH:3
FNDA:2,(anonymous_0)
FNDA:1,(anonymous_1)
FNDA:1,(anonymous_2)
DA:4,1
DA:11,2
DA:22,1
DA:27,1
LF:4
LH:4
BRDA:5,0,0,1
BRDA:6,1,0,1
BRDA:7,2,0,1
BRDA:8,3,0,1
BRDA:9,4,0,1
BRDA:22,5,0,0
BRF:6
BRH:5
end_of_record
TN:
SF:/home/neevor/Storage/code/react/the-complete-react-web-developer-course/react-expensify/src/actions/filters.js
FN:2,(anonymous_0)
FN:7,(anonymous_1)
FN:11,(anonymous_2)
FN:15,(anonymous_3)
FN:20,(anonymous_4)
FNF:5
FNH:5
FNDA:2,(anonymous_0)
FNDA:1,(anonymous_1)
FNDA:1,(anonymous_2)
FNDA:2,(anonymous_3)
FNDA:1,(anonymous_4)
DA:2,2
DA:7,1
DA:11,1
DA:15,2
DA:20,1
LF:5
LH:5
BRDA:2,0,0,1
BRF:1
BRH:1
end_of_record
TN:
SF:/home/neevor/Storage/code/react/the-complete-react-web-developer-course/react-expensify/src/components/Header.js
FN:4,(anonymous_0)
FNF:1
FNH:1
FNDA:1,(anonymous_0)
DA:4,1
DA:5,1
LF:2
LH:2
BRF:0
BRH:0
end_of_record
TN:
SF:/home/neevor/Storage/code/react/the-complete-react-web-developer-course/react-expensify/src/reducers/expenses.js
FN:3,(anonymous_0)
FN:11,(anonymous_1)
FN:21,(anonymous_2)
FNF:3
FNH:3
FNDA:6,(anonymous_0)
FNDA:10,(anonymous_1)
FNDA:10,(anonymous_2)
DA:2,1
DA:3,1
DA:4,6
DA:6,1
DA:11,2
DA:12,10
DA:13,1
DA:18,9
DA:21,10
DA:23,1
LF:10
LH:10
BRDA:3,0,0,1
BRDA:4,1,0,1
BRDA:4,1,1,2
BRDA:4,1,2,2
BRDA:4,1,3,1
BRDA:12,2,0,1
BRDA:12,2,1,9
BRF:7
BRH:7
end_of_record
TN:
SF:/home/neevor/Storage/code/react/the-complete-react-web-developer-course/react-expensify/src/reducers/filters.js
FN:11,(anonymous_0)
FNF:1
FNH:1
FNDA:6,(anonymous_0)
DA:4,1
DA:11,1
DA:12,6
DA:14,1
DA:19,1
DA:24,1
DA:29,1
DA:34,1
DA:39,1
LF:9
LH:9
BRDA:11,0,0,5
BRDA:12,1,0,1
BRDA:12,1,1,1
BRDA:12,1,2,1
BRDA:12,1,3,1
BRDA:12,1,4,1
BRDA:12,1,5,1
BRF:7
BRH:7
end_of_record
TN:
SF:/home/neevor/Storage/code/react/the-complete-react-web-developer-course/react-expensify/src/selectors/expenses.js
FN:3,(anonymous_0)
FN:7,(anonymous_1)
FN:16,(anonymous_2)
FNF:3
FNH:3
FNDA:5,(anonymous_0)
FNDA:25,(anonymous_1)
FNDA:27,(anonymous_2)
DA:3,1
DA:7,5
DA:8,25
DA:9,25
DA:10,25
DA:12,25
DA:13,25
DA:15,25
DA:17,27
DA:18,17
DA:19,10
DA:20,10
LF:12
LH:12
BRDA:9,0,0,5
BRDA:9,0,1,20
BRDA:10,1,0,5
BRDA:10,1,1,20
BRDA:15,2,0,25
BRDA:15,2,1,23
BRDA:15,2,2,21
BRDA:17,3,0,17
BRDA:17,3,1,10
BRDA:19,4,0,10
BRDA:19,4,1,0
BRF:11
BRH:10
end_of_record
TN:
SF:/home/neevor/Storage/code/react/the-complete-react-web-developer-course/react-expensify/src/tests/fixtures/expenses.js
FNF:0
FNH:0
DA:3,2
LF:1
LH:1
BRF:0
BRH:0
end_of_record
